2014/10/30 21:50:51 にビルドを開始しました。
     1>ノード 2 上のプロジェクト "C:\Users\tottori.xy\Desktop\calibrate color and IR camera with non-overlapping views\internal calibrate(IR and RRG)\internal calibrate(IR and RRG)\internal calibrate(IR and RRG).vcxproj" (build ターゲット)。
     1>InitializeBuildStatus:
         "AlwaysCreate" が指定されたため "Debug\internal calibrate(IR and RRG).unsuccessfulbuild" を作成しています。
       ClCompile:
         c:\Program Files (x86)\Microsoft Visual Studio 10.0\VC\bin\CL.exe /c /ZI /nologo /W3 /WX- /Od /Oy- /D WIN32 /D _DEBUG /D _CONSOLE /D _UNICODE /D UNICODE /Gm /EHsc /RTC1 /MDd /GS /fp:precise /Zc:wchar_t /Zc:forScope /Fo"Debug\\" /Fd"Debug\vc100.pdb" /Gd /TP /analyze- /errorReport:prompt main.cpp
         main.cpp
     1>c:\users\tottori.xy\desktop\calibrate color and ir camera with non-overlapping views\internal calibrate(ir and rrg)\internal calibrate(ir and rrg)\main.cpp(41): warning C4244: '引数' : 'float' から 'LONG' への変換です。データが失われる可能性があります。
     1>c:\users\tottori.xy\desktop\calibrate color and ir camera with non-overlapping views\internal calibrate(ir and rrg)\internal calibrate(ir and rrg)\main.cpp(134): warning C4244: '=' : 'int' から 'float' への変換です。データが失われる可能性があります。
     1>c:\users\tottori.xy\desktop\calibrate color and ir camera with non-overlapping views\internal calibrate(ir and rrg)\internal calibrate(ir and rrg)\main.cpp(135): warning C4244: '=' : 'int' から 'float' への変換です。データが失われる可能性があります。
     1>c:\users\tottori.xy\desktop\calibrate color and ir camera with non-overlapping views\internal calibrate(ir and rrg)\internal calibrate(ir and rrg)\main.cpp(298): warning C4244: '=' : 'int' から 'float' への変換です。データが失われる可能性があります。
     1>c:\users\tottori.xy\desktop\calibrate color and ir camera with non-overlapping views\internal calibrate(ir and rrg)\internal calibrate(ir and rrg)\main.cpp(299): warning C4244: '=' : 'int' から 'float' への変換です。データが失われる可能性があります。
       ManifestResourceCompile:
         すべての出力が最新のものです。
       Link:
         c:\Program Files (x86)\Microsoft Visual Studio 10.0\VC\bin\link.exe /ERRORREPORT:PROMPT /OUT:"C:\Users\tottori.xy\Desktop\calibrate color and IR camera with non-overlapping views\internal calibrate(IR and RRG)\Debug\internal calibrate(IR and RRG).exe" /INCREMENTAL /NOLOGO Kinect10.lib cv.lib cxcore.lib highgui.lib /MANIFEST /ManifestFile:"Debug\internal calibrate(IR and RRG).exe.intermediate.manifest" /MANIFESTUAC:"level='asInvoker' uiAccess='false'" /DEBUG /PDB:"C:\Users\tottori.xy\Desktop\calibrate color and IR camera with non-overlapping views\internal calibrate(IR and RRG)\Debug\internal calibrate(IR and RRG).pdb" /SUBSYSTEM:CONSOLE /TLBID:1 /DYNAMICBASE /NXCOMPAT /IMPLIB:"C:\Users\tottori.xy\Desktop\calibrate color and IR camera with non-overlapping views\internal calibrate(IR and RRG)\Debug\internal calibrate(IR and RRG).lib" /MACHINE:X86 "Debug\internal calibrate(IR and RRG).exe.embed.manifest.res"
         Debug\main.obj
       Manifest:
         C:\Program Files (x86)\Microsoft SDKs\Windows\v7.0A\bin\mt.exe /nologo /verbose /out:"Debug\internal calibrate(IR and RRG).exe.embed.manifest" /manifest "Debug\internal calibrate(IR and RRG).exe.intermediate.manifest"
         すべての出力が最新のものです。
       LinkEmbedManifest:
         すべての出力が最新のものです。
         internal calibrate(IR and RRG).vcxproj -> C:\Users\tottori.xy\Desktop\calibrate color and IR camera with non-overlapping views\internal calibrate(IR and RRG)\Debug\internal calibrate(IR and RRG).exe
       FinalizeBuildStatus:
         ファイル "Debug\internal calibrate(IR and RRG).unsuccessfulbuild" を削除しています。
         "Debug\internal calibrate(IR and RRG).lastbuildstate" のタッチ タスクを実行しています。
     1>プロジェクト "C:\Users\tottori.xy\Desktop\calibrate color and IR camera with non-overlapping views\internal calibrate(IR and RRG)\internal calibrate(IR and RRG)\internal calibrate(IR and RRG).vcxproj" (build ターゲット) のビルドが完了しました。

ビルドに成功しました。

経過時間 00:00:03.05
