C:\USERS\TOTTORI.XY\DESKTOP\CALIBRATE COLOR AND IR CAMERA WITH NON-OVERLAPPING VIEWS\STEREO CALIBRATION(IR_RGB)\DEBUG\STEREO CALIBRATION(IR_RGB).EXE
C:\USERS\TOTTORI.XY\DESKTOP\CALIBRATE COLOR AND IR CAMERA WITH NON-OVERLAPPING VIEWS\STEREO CALIBRATION(IR_RGB)\DEBUG\STEREO CALIBRATION(IR_RGB).ILK
C:\USERS\TOTTORI.XY\DESKTOP\CALIBRATE COLOR AND IR CAMERA WITH NON-OVERLAPPING VIEWS\STEREO CALIBRATION(IR_RGB)\DEBUG\STEREO CALIBRATION(IR_RGB).PDB
C:\Users\tottori.xy\Desktop\calibrate color and IR camera with non-overlapping views\stereo calibration(IR_RGB)\stereo calibration(IR_RGB)\Debug\cl.command.1.tlog
C:\Users\tottori.xy\Desktop\calibrate color and IR camera with non-overlapping views\stereo calibration(IR_RGB)\stereo calibration(IR_RGB)\Debug\CL.read.1.tlog
C:\Users\tottori.xy\Desktop\calibrate color and IR camera with non-overlapping views\stereo calibration(IR_RGB)\stereo calibration(IR_RGB)\Debug\CL.write.1.tlog
C:\Users\tottori.xy\Desktop\calibrate color and IR camera with non-overlapping views\stereo calibration(IR_RGB)\stereo calibration(IR_RGB)\Debug\link.6332.read.1.tlog
C:\Users\tottori.xy\Desktop\calibrate color and IR camera with non-overlapping views\stereo calibration(IR_RGB)\stereo calibration(IR_RGB)\Debug\link.6332.write.1.tlog
C:\Users\tottori.xy\Desktop\calibrate color and IR camera with non-overlapping views\stereo calibration(IR_RGB)\stereo calibration(IR_RGB)\Debug\link.6332-cvtres.read.1.tlog
C:\Users\tottori.xy\Desktop\calibrate color and IR camera with non-overlapping views\stereo calibration(IR_RGB)\stereo calibration(IR_RGB)\Debug\link.6332-cvtres.write.1.tlog
C:\Users\tottori.xy\Desktop\calibrate color and IR camera with non-overlapping views\stereo calibration(IR_RGB)\stereo calibration(IR_RGB)\Debug\link.command.1.tlog
C:\Users\tottori.xy\Desktop\calibrate color and IR camera with non-overlapping views\stereo calibration(IR_RGB)\stereo calibration(IR_RGB)\Debug\link.read.1.tlog
C:\Users\tottori.xy\Desktop\calibrate color and IR camera with non-overlapping views\stereo calibration(IR_RGB)\stereo calibration(IR_RGB)\Debug\link.write.1.tlog
C:\Users\tottori.xy\Desktop\calibrate color and IR camera with non-overlapping views\stereo calibration(IR_RGB)\stereo calibration(IR_RGB)\Debug\link-cvtres.read.1.tlog
C:\Users\tottori.xy\Desktop\calibrate color and IR camera with non-overlapping views\stereo calibration(IR_RGB)\stereo calibration(IR_RGB)\Debug\link-cvtres.write.1.tlog
C:\USERS\TOTTORI.XY\DESKTOP\CALIBRATE COLOR AND IR CAMERA WITH NON-OVERLAPPING VIEWS\STEREO CALIBRATION(IR_RGB)\STEREO CALIBRATION(IR_RGB)\DEBUG\MAIN.OBJ
C:\Users\tottori.xy\Desktop\calibrate color and IR camera with non-overlapping views\stereo calibration(IR_RGB)\stereo calibration(IR_RGB)\Debug\mt.command.1.tlog
C:\Users\tottori.xy\Desktop\calibrate color and IR camera with non-overlapping views\stereo calibration(IR_RGB)\stereo calibration(IR_RGB)\Debug\mt.read.1.tlog
C:\Users\tottori.xy\Desktop\calibrate color and IR camera with non-overlapping views\stereo calibration(IR_RGB)\stereo calibration(IR_RGB)\Debug\mt.write.1.tlog
C:\Users\tottori.xy\Desktop\calibrate color and IR camera with non-overlapping views\stereo calibration(IR_RGB)\stereo calibration(IR_RGB)\Debug\rc.command.1.tlog
C:\Users\tottori.xy\Desktop\calibrate color and IR camera with non-overlapping views\stereo calibration(IR_RGB)\stereo calibration(IR_RGB)\Debug\rc.read.1.tlog
C:\Users\tottori.xy\Desktop\calibrate color and IR camera with non-overlapping views\stereo calibration(IR_RGB)\stereo calibration(IR_RGB)\Debug\rc.write.1.tlog
C:\USERS\TOTTORI.XY\DESKTOP\CALIBRATE COLOR AND IR CAMERA WITH NON-OVERLAPPING VIEWS\STEREO CALIBRATION(IR_RGB)\STEREO CALIBRATION(IR_RGB)\DEBUG\STEREO CALIBRATION(IR_RGB).EXE.EMBED.MANIFEST
C:\USERS\TOTTORI.XY\DESKTOP\CALIBRATE COLOR AND IR CAMERA WITH NON-OVERLAPPING VIEWS\STEREO CALIBRATION(IR_RGB)\STEREO CALIBRATION(IR_RGB)\DEBUG\STEREO CALIBRATION(IR_RGB).EXE.EMBED.MANIFEST.RES
C:\USERS\TOTTORI.XY\DESKTOP\CALIBRATE COLOR AND IR CAMERA WITH NON-OVERLAPPING VIEWS\STEREO CALIBRATION(IR_RGB)\STEREO CALIBRATION(IR_RGB)\DEBUG\STEREO CALIBRATION(IR_RGB).EXE.INTERMEDIATE.MANIFEST
C:\Users\tottori.xy\Desktop\calibrate color and IR camera with non-overlapping views\stereo calibration(IR_RGB)\stereo calibration(IR_RGB)\Debug\stereo calibration(IR_RGB)_manifest.rc
C:\Users\tottori.xy\Desktop\calibrate color and IR camera with non-overlapping views\stereo calibration(IR_RGB)\stereo calibration(IR_RGB)\Debug\vc100.idb
C:\USERS\TOTTORI.XY\DESKTOP\CALIBRATE COLOR AND IR CAMERA WITH NON-OVERLAPPING VIEWS\STEREO CALIBRATION(IR_RGB)\STEREO CALIBRATION(IR_RGB)\DEBUG\VC100.PDB
